生成启动时间为 2017/8/20 22:39:07。
     1>项目“D:\opengles\opengles\opengles\2.0\OpenGL_ES_Programming_Guide_v1.0.2\myOGL\Win32Project1\Win32Project1\Win32Project1.vcxproj”在节点 2 上(Rebuild 个目标)。
     1>ClCompile:
         D:\Program Files (x86)\Microsoft Visual Studio 14.0\VC\bin\x86_amd64\CL.exe /c /ID:\opengles\opengles\opengles\2.0\OpenGL_ES_Programming_Guide_v1.0.2\myOGL\Win32Project1\Win32Project1\basic /ID:\opengles\opengles\opengles\2.0\OpenGL_ES_Programming_Guide_v1.0.2\myOGL\Win32Project1\Win32Project1\GE /ID:\opengles\opengles\opengles\2.0\OpenGL_ES_Programming_Guide_v1.0.2\myOGL\Win32Project1\Win32Project1\GLPorj /ID:\opengles\opengles\opengles\2.0\OpenGL_ES_Programming_Guide_v1.0.2\myOGL\Win32Project1\Win32Project1\HelloTriangle /ID:\opengles\opengles\opengles\2.0\OpenGL_ES_Programming_Guide_v1.0.2\myOGL\Win32Project1\Win32Project1\libjpeg /ID:\opengles\opengles\opengles\2.0\OpenGL_ES_Programming_Guide_v1.0.2\myOGL\Win32Project1\Win32Project1\programUniforms /ID:\opengles\opengles\opengles\2.0\OpenGL_ES_Programming_Guide_v1.0.2\myOGL\Win32Project1\Win32Project1\shaderModule /ID:\opengles\opengles\opengles\2.0\OpenGL_ES_Programming_Guide_v1.0.2\myOGL\Win32Project1\Win32Project1\texture /ID:\opengles\opengles\opengles\2.0\OpenGL_ES_Programming_Guide_v1.0.2\myOGL\Win32Project1\Win32Project1\..\..\..\Common\Include /ZI /nologo /W3 /WX- /sdl /Od /D _DEBUG /D _CONSOLE /D _UNICODE /D UNICODE /Gm /EHsc /RTC1 /MDd /GS /fp:precise /Zc:wchar_t /Zc:forScope /Zc:inline /Yc"stdafx.h" /Fp"x64\Debug\Win32Project1.pch" /Fo"x64\Debug\\" /Fd"x64\Debug\vc140.pdb" /Gd /TP /errorReport:prompt stdafx.cpp
         stdafx.cpp
         D:\Program Files (x86)\Microsoft Visual Studio 14.0\VC\bin\x86_amd64\CL.exe /c /ID:\opengles\opengles\opengles\2.0\OpenGL_ES_Programming_Guide_v1.0.2\myOGL\Win32Project1\Win32Project1\basic /ID:\opengles\opengles\opengles\2.0\OpenGL_ES_Programming_Guide_v1.0.2\myOGL\Win32Project1\Win32Project1\GE /ID:\opengles\opengles\opengles\2.0\OpenGL_ES_Programming_Guide_v1.0.2\myOGL\Win32Project1\Win32Project1\GLPorj /ID:\opengles\opengles\opengles\2.0\OpenGL_ES_Programming_Guide_v1.0.2\myOGL\Win32Project1\Win32Project1\HelloTriangle /ID:\opengles\opengles\opengles\2.0\OpenGL_ES_Programming_Guide_v1.0.2\myOGL\Win32Project1\Win32Project1\libjpeg /ID:\opengles\opengles\opengles\2.0\OpenGL_ES_Programming_Guide_v1.0.2\myOGL\Win32Project1\Win32Project1\programUniforms /ID:\opengles\opengles\opengles\2.0\OpenGL_ES_Programming_Guide_v1.0.2\myOGL\Win32Project1\Win32Project1\shaderModule /ID:\opengles\opengles\opengles\2.0\OpenGL_ES_Programming_Guide_v1.0.2\myOGL\Win32Project1\Win32Project1\texture /ID:\opengles\opengles\opengles\2.0\OpenGL_ES_Programming_Guide_v1.0.2\myOGL\Win32Project1\Win32Project1\..\..\..\Common\Include /ZI /nologo /W3 /WX- /sdl /Od /D _DEBUG /D _CONSOLE /D _UNICODE /D UNICODE /Gm /EHsc /RTC1 /MDd /GS /fp:precise /Zc:wchar_t /Zc:forScope /Zc:inline /Yu"stdafx.h" /Fp"x64\Debug\Win32Project1.pch" /Fo"x64\Debug\\" /Fd"x64\Debug\vc140.pdb" /Gd /TP /errorReport:prompt basic\Singleton.cpp GE\Camera.cpp GE\Camera3D.cpp GE\Camera2D.cpp GE\FileUnits.cpp GE\math\Mat3.cpp GE\math\Mat4.cpp GE\math\Quaternion.cpp GE\math\Rect.cpp GE\math\Vector2.cpp GE\math\Vector3.cpp GE\OGLGE.cpp GE\Pipeline.cpp GE\shaders.cpp GE\technique.cpp GLPorj\Director.cpp GLPorj\JikeTest.cpp GLPorj\Node.cpp GLPorj\Scene.cpp GLPorj\tech\lightTechnique.cpp GLPorj\tech\normalTechnique.cpp GLPorj\tech\texture2dTechnique.cpp GLPorj\Texture2D.cpp GLPorj\Texture2DRender.cpp programUniforms\programUniforms.cpp texture\textureJpegManager.cpp Win32Project1.cpp
         Win32Project1.cpp
     1>d:\opengles\opengles\opengles\2.0\opengl_es_programming_guide_v1.0.2\myogl\win32project1\win32project1\ge\shaders.h(2): fatal error C1083: 无法打开包括文件: “GL/glew.h”: No such file or directory
         textureJpegManager.cpp
     1>d:\opengles\opengles\opengles\2.0\opengl_es_programming_guide_v1.0.2\myogl\win32project1\win32project1\libjpeg\freeimage.h : warning C4819: 该文件包含不能在当前代码页(936)中表示的字符。请将该文件保存为 Unicode 格式以防止数据丢失
     1>d:\opengles\opengles\opengles\2.0\opengl_es_programming_guide_v1.0.2\myogl\win32project1\win32project1\basic\singleton.h(26): warning C4311: “类型转换”: 从“CSingleton<textureJpegManager> *const ”到“int”的指针截断
         d:\opengles\opengles\opengles\2.0\opengl_es_programming_guide_v1.0.2\myogl\win32project1\win32project1\basic\singleton.h(24): note: 编译类 模板 成员函数“CSingleton<textureJpegManager>::CSingleton(void)”时
         d:\opengles\opengles\opengles\2.0\opengl_es_programming_guide_v1.0.2\myogl\win32project1\win32project1\texture\texturejpegmanager.cpp(10): note: 参见对正在编译的函数 模板 实例化“CSingleton<textureJpegManager>::CSingleton(void)”的引用
         d:\opengles\opengles\opengles\2.0\opengl_es_programming_guide_v1.0.2\myogl\win32project1\win32project1\texture\texturejpegmanager.h(15): note: 参见对正在编译的类 模板 实例化“CSingleton<textureJpegManager>”的引用
     1>d:\opengles\opengles\opengles\2.0\opengl_es_programming_guide_v1.0.2\myogl\win32project1\win32project1\basic\singleton.h(26): warning C4302: “类型转换”: 从“CSingleton<textureJpegManager> *const ”到“int”截断
     1>d:\opengles\opengles\opengles\2.0\opengl_es_programming_guide_v1.0.2\myogl\win32project1\win32project1\basic\singleton.h(26): warning C4311: “类型转换”: 从“textureJpegManager *”到“int”的指针截断
     1>d:\opengles\opengles\opengles\2.0\opengl_es_programming_guide_v1.0.2\myogl\win32project1\win32project1\basic\singleton.h(26): warning C4302: “类型转换”: 从“textureJpegManager *”到“int”截断
     1>d:\opengles\opengles\opengles\2.0\opengl_es_programming_guide_v1.0.2\myogl\win32project1\win32project1\basic\singleton.h(26): warning C4311: “类型转换”: 从“CSingleton<textureJpegManager> *”到“int”的指针截断
     1>d:\opengles\opengles\opengles\2.0\opengl_es_programming_guide_v1.0.2\myogl\win32project1\win32project1\basic\singleton.h(26): warning C4302: “类型转换”: 从“CSingleton<textureJpegManager> *”到“int”截断
     1>d:\opengles\opengles\opengles\2.0\opengl_es_programming_guide_v1.0.2\myogl\win32project1\win32project1\basic\singleton.h(26): warning C4312: “类型转换”: 从“int”转换到更大的“textureJpegManager *”
         programUniforms.cpp
     1>d:\opengles\opengles\opengles\2.0\opengl_es_programming_guide_v1.0.2\myogl\win32project1\win32project1\programuniforms\programuniforms.h(5): fatal error C1083: 无法打开包括文件: “GL/glew.h”: No such file or directory
         Texture2DRender.cpp
     1>d:\opengles\opengles\opengles\2.0\opengl_es_programming_guide_v1.0.2\myogl\win32project1\win32project1\ge\pipeline.h(2): fatal error C1083: 无法打开包括文件: “Vector3.h”: No such file or directory
         Texture2D.cpp
     1>d:\opengles\opengles\opengles\2.0\opengl_es_programming_guide_v1.0.2\myogl\win32project1\win32project1\glporj\node.h(2): fatal error C1083: 无法打开包括文件: “Vector3.h”: No such file or directory
         texture2dTechnique.cpp
     1>d:\opengles\opengles\opengles\2.0\opengl_es_programming_guide_v1.0.2\myogl\win32project1\win32project1\ge\shaders.h(2): fatal error C1083: 无法打开包括文件: “GL/glew.h”: No such file or directory
         normalTechnique.cpp
     1>d:\opengles\opengles\opengles\2.0\opengl_es_programming_guide_v1.0.2\myogl\win32project1\win32project1\ge\shaders.h(2): fatal error C1083: 无法打开包括文件: “GL/glew.h”: No such file or directory
         lightTechnique.cpp
     1>d:\opengles\opengles\opengles\2.0\opengl_es_programming_guide_v1.0.2\myogl\win32project1\win32project1\ge\shaders.h(2): fatal error C1083: 无法打开包括文件: “GL/glew.h”: No such file or directory
         Scene.cpp
     1>d:\opengles\opengles\opengles\2.0\opengl_es_programming_guide_v1.0.2\myogl\win32project1\win32project1\glporj\node.h(2): fatal error C1083: 无法打开包括文件: “Vector3.h”: No such file or directory
         Node.cpp
     1>d:\opengles\opengles\opengles\2.0\opengl_es_programming_guide_v1.0.2\myogl\win32project1\win32project1\glporj\node.h(2): fatal error C1083: 无法打开包括文件: “Vector3.h”: No such file or directory
         JikeTest.cpp
     1>d:\opengles\opengles\opengles\2.0\opengl_es_programming_guide_v1.0.2\myogl\win32project1\win32project1\glporj\jiketest.h(2): fatal error C1083: 无法打开包括文件: “Vector3.h”: No such file or directory
         Director.cpp
     1>d:\opengles\opengles\opengles\2.0\opengl_es_programming_guide_v1.0.2\myogl\win32project1\win32project1\ge\camera.h(2): fatal error C1083: 无法打开包括文件: “Mat4.h”: No such file or directory
         technique.cpp
     1>d:\opengles\opengles\opengles\2.0\opengl_es_programming_guide_v1.0.2\myogl\win32project1\win32project1\ge\shaders.h(2): fatal error C1083: 无法打开包括文件: “GL/glew.h”: No such file or directory
         shaders.cpp
     1>d:\opengles\opengles\opengles\2.0\opengl_es_programming_guide_v1.0.2\myogl\win32project1\win32project1\ge\shaders.h(2): fatal error C1083: 无法打开包括文件: “GL/glew.h”: No such file or directory
         Pipeline.cpp
     1>d:\opengles\opengles\opengles\2.0\opengl_es_programming_guide_v1.0.2\myogl\win32project1\win32project1\ge\pipeline.h(2): fatal error C1083: 无法打开包括文件: “Vector3.h”: No such file or directory
         OGLGE.cpp
     1>d:\opengles\opengles\opengles\2.0\opengl_es_programming_guide_v1.0.2\myogl\win32project1\win32project1\ge\oglge.h(2): fatal error C1083: 无法打开包括文件: “GL/glew.h”: No such file or directory
         Vector3.cpp
     1>d:\opengles\opengles\opengles\2.0\opengl_es_programming_guide_v1.0.2\myogl\win32project1\win32project1\ge\math\vector3.cpp(35): warning C4244: “return”: 从“double”转换到“float”，可能丢失数据
         Vector2.cpp
         Rect.cpp
         Quaternion.cpp
     1>d:\opengles\opengles\opengles\2.0\opengl_es_programming_guide_v1.0.2\myogl\win32project1\win32project1\ge\math\quaternion.cpp(161): warning C4244: “=”: 从“double”转换到“float”，可能丢失数据
     1>d:\opengles\opengles\opengles\2.0\opengl_es_programming_guide_v1.0.2\myogl\win32project1\win32project1\ge\math\quaternion.cpp(233): warning C4244: “return”: 从“double”转换到“float”，可能丢失数据
     1>d:\opengles\opengles\opengles\2.0\opengl_es_programming_guide_v1.0.2\myogl\win32project1\win32project1\ge\math\quaternion.cpp(389): warning C4244: “初始化”: 从“double”转换到“float”，可能丢失数据
     1>d:\opengles\opengles\opengles\2.0\opengl_es_programming_guide_v1.0.2\myogl\win32project1\win32project1\ge\math\quaternion.cpp(390): warning C4244: “初始化”: 从“double”转换到“float”，可能丢失数据
     1>d:\opengles\opengles\opengles\2.0\opengl_es_programming_guide_v1.0.2\myogl\win32project1\win32project1\ge\math\quaternion.cpp(391): warning C4244: “参数”: 从“int”转换到“float”，可能丢失数据
     1>d:\opengles\opengles\opengles\2.0\opengl_es_programming_guide_v1.0.2\myogl\win32project1\win32project1\ge\math\quaternion.cpp(400): warning C4244: “初始化”: 从“double”转换到“float”，可能丢失数据
     1>d:\opengles\opengles\opengles\2.0\opengl_es_programming_guide_v1.0.2\myogl\win32project1\win32project1\ge\math\quaternion.cpp(401): warning C4244: “初始化”: 从“double”转换到“float”，可能丢失数据
         正在生成代码...
     1>d:\opengles\opengles\opengles\2.0\opengl_es_programming_guide_v1.0.2\myogl\win32project1\win32project1\ge\math\quaternion.cpp(29): warning C4717: “Quaternion::Quaternion”: 如递归所有控件路径，函数将导致运行时堆栈溢出
     1>d:\opengles\opengles\opengles\2.0\opengl_es_programming_guide_v1.0.2\myogl\win32project1\win32project1\texture\texturejpegmanager.cpp(62): warning C4715: “textureJpegManager::getJpgData”: 不是所有的控件路径都返回值
         正在编译...
         Mat4.cpp
     1>d:\opengles\opengles\opengles\2.0\opengl_es_programming_guide_v1.0.2\myogl\win32project1\win32project1\ge\math\mat4.cpp(84): warning C4244: “参数”: 从“double”转换到“float”，可能丢失数据
     1>d:\opengles\opengles\opengles\2.0\opengl_es_programming_guide_v1.0.2\myogl\win32project1\win32project1\ge\math\mat4.cpp(86): warning C4244: “初始化”: 从“double”转换到“float”，可能丢失数据
     1>d:\opengles\opengles\opengles\2.0\opengl_es_programming_guide_v1.0.2\myogl\win32project1\win32project1\ge\math\mat4.cpp(300): warning C4244: “初始化”: 从“double”转换到“float”，可能丢失数据
     1>d:\opengles\opengles\opengles\2.0\opengl_es_programming_guide_v1.0.2\myogl\win32project1\win32project1\ge\math\mat4.cpp(312): warning C4244: “初始化”: 从“double”转换到“float”，可能丢失数据
     1>d:\opengles\opengles\opengles\2.0\opengl_es_programming_guide_v1.0.2\myogl\win32project1\win32project1\ge\math\mat4.cpp(320): warning C4244: “初始化”: 从“double”转换到“float”，可能丢失数据
     1>d:\opengles\opengles\opengles\2.0\opengl_es_programming_guide_v1.0.2\myogl\win32project1\win32project1\ge\math\mat4.cpp(328): warning C4244: “初始化”: 从“double”转换到“float”，可能丢失数据
     1>d:\opengles\opengles\opengles\2.0\opengl_es_programming_guide_v1.0.2\myogl\win32project1\win32project1\ge\math\mat4.cpp(344): warning C4244: “=”: 从“double”转换到“float”，可能丢失数据
     1>d:\opengles\opengles\opengles\2.0\opengl_es_programming_guide_v1.0.2\myogl\win32project1\win32project1\ge\math\mat4.cpp(345): warning C4244: “=”: 从“double”转换到“float”，可能丢失数据
     1>d:\opengles\opengles\opengles\2.0\opengl_es_programming_guide_v1.0.2\myogl\win32project1\win32project1\ge\math\mat4.cpp(346): warning C4244: “=”: 从“double”转换到“float”，可能丢失数据
         Mat3.cpp
         FileUnits.cpp
     1>d:\opengles\opengles\opengles\2.0\opengl_es_programming_guide_v1.0.2\myogl\win32project1\win32project1\glporj\node.h(2): fatal error C1083: 无法打开包括文件: “Vector3.h”: No such file or directory
         Camera2D.cpp
     1>d:\opengles\opengles\opengles\2.0\opengl_es_programming_guide_v1.0.2\myogl\win32project1\win32project1\ge\camera.h(2): fatal error C1083: 无法打开包括文件: “Mat4.h”: No such file or directory
         Camera3D.cpp
     1>d:\opengles\opengles\opengles\2.0\opengl_es_programming_guide_v1.0.2\myogl\win32project1\win32project1\ge\camera.h(2): fatal error C1083: 无法打开包括文件: “Mat4.h”: No such file or directory
         Camera.cpp
         Singleton.cpp
     1>d:\opengles\opengles\opengles\2.0\opengl_es_programming_guide_v1.0.2\myogl\win32project1\win32project1\basic\singleton.cpp(1): warning C4627: “#include "Singleton.h"”: 在查找预编译头使用时跳过
         d:\opengles\opengles\opengles\2.0\opengl_es_programming_guide_v1.0.2\myogl\win32project1\win32project1\basic\singleton.cpp(1): note: 将指令添加到“stdafx.h”或重新生成预编译头
         正在生成代码...
     1>已完成生成项目“D:\opengles\opengles\opengles\2.0\OpenGL_ES_Programming_Guide_v1.0.2\myOGL\Win32Project1\Win32Project1\Win32Project1.vcxproj”(Rebuild 个目标)的操作 - 失败。

生成失败。

已用时间 00:00:01.20
