d:\opengles\opengles\opengles\2.0\opengl_es_programming_guide_v1.0.2\myogl\win32project1\win32project1\x64\debug\win32project1.pch
d:\opengles\opengles\opengles\2.0\opengl_es_programming_guide_v1.0.2\myogl\win32project1\win32project1\x64\debug\vc140.pdb
d:\opengles\opengles\opengles\2.0\opengl_es_programming_guide_v1.0.2\myogl\win32project1\win32project1\x64\debug\vc140.idb
d:\opengles\opengles\opengles\2.0\opengl_es_programming_guide_v1.0.2\myogl\win32project1\win32project1\x64\debug\stdafx.obj
d:\opengles\opengles\opengles\2.0\opengl_es_programming_guide_v1.0.2\myogl\win32project1\win32project1\x64\debug\singleton.obj
d:\opengles\opengles\opengles\2.0\opengl_es_programming_guide_v1.0.2\myogl\win32project1\win32project1\x64\debug\oglge.obj
d:\opengles\opengles\opengles\2.0\opengl_es_programming_guide_v1.0.2\myogl\win32project1\win32project1\x64\debug\camera.obj
d:\opengles\opengles\opengles\2.0\opengl_es_programming_guide_v1.0.2\myogl\win32project1\win32project1\x64\debug\mat4.obj
d:\opengles\opengles\opengles\2.0\opengl_es_programming_guide_v1.0.2\myogl\win32project1\win32project1\x64\debug\node.obj
d:\opengles\opengles\opengles\2.0\opengl_es_programming_guide_v1.0.2\myogl\win32project1\win32project1\x64\debug\quaternion.obj
d:\opengles\opengles\opengles\2.0\opengl_es_programming_guide_v1.0.2\myogl\win32project1\win32project1\x64\debug\rect.obj
d:\opengles\opengles\opengles\2.0\opengl_es_programming_guide_v1.0.2\myogl\win32project1\win32project1\x64\debug\texture2d.obj
d:\opengles\opengles\opengles\2.0\opengl_es_programming_guide_v1.0.2\myogl\win32project1\win32project1\x64\debug\vector3.obj
d:\opengles\opengles\opengles\2.0\opengl_es_programming_guide_v1.0.2\myogl\win32project1\win32project1\x64\debug\hellotriangle.obj
d:\opengles\opengles\opengles\2.0\opengl_es_programming_guide_v1.0.2\myogl\win32project1\win32project1\x64\debug\programuniforms.obj
d:\opengles\opengles\opengles\2.0\opengl_es_programming_guide_v1.0.2\myogl\win32project1\win32project1\x64\debug\shaders.obj
d:\opengles\opengles\opengles\2.0\opengl_es_programming_guide_v1.0.2\myogl\win32project1\win32project1\x64\debug\texturejpegmanager.obj
d:\opengles\opengles\opengles\2.0\opengl_es_programming_guide_v1.0.2\myogl\win32project1\win32project1\x64\debug\win32project1.obj
d:\opengles\opengles\opengles\2.0\opengl_es_programming_guide_v1.0.2\myogl\win32project1\x64\debug\win32project1.pdb
d:\opengles\opengles\opengles\2.0\opengl_es_programming_guide_v1.0.2\myogl\win32project1\win32project1\x64\debug\win32project1.tlog\cl.command.1.tlog
d:\opengles\opengles\opengles\2.0\opengl_es_programming_guide_v1.0.2\myogl\win32project1\win32project1\x64\debug\win32project1.tlog\cl.read.1.tlog
d:\opengles\opengles\opengles\2.0\opengl_es_programming_guide_v1.0.2\myogl\win32project1\win32project1\x64\debug\win32project1.tlog\cl.write.1.tlog
d:\opengles\opengles\opengles\2.0\opengl_es_programming_guide_v1.0.2\myogl\win32project1\win32project1\x64\debug\win32project1.tlog\link-cvtres.read.1.tlog
d:\opengles\opengles\opengles\2.0\opengl_es_programming_guide_v1.0.2\myogl\win32project1\win32project1\x64\debug\win32project1.tlog\link-cvtres.write.1.tlog
d:\opengles\opengles\opengles\2.0\opengl_es_programming_guide_v1.0.2\myogl\win32project1\win32project1\x64\debug\win32project1.tlog\link-rc.read.1.tlog
d:\opengles\opengles\opengles\2.0\opengl_es_programming_guide_v1.0.2\myogl\win32project1\win32project1\x64\debug\win32project1.tlog\link-rc.write.1.tlog
d:\opengles\opengles\opengles\2.0\opengl_es_programming_guide_v1.0.2\myogl\win32project1\win32project1\x64\debug\win32project1.tlog\link.command.1.tlog
d:\opengles\opengles\opengles\2.0\opengl_es_programming_guide_v1.0.2\myogl\win32project1\win32project1\x64\debug\win32project1.tlog\link.read.1.tlog
d:\opengles\opengles\opengles\2.0\opengl_es_programming_guide_v1.0.2\myogl\win32project1\win32project1\x64\debug\win32project1.tlog\link.write.1.tlog
